[debug] [2020-12-15T16:57:43.110Z] ----------------------------------------------------------------------
[debug] [2020-12-15T16:57:43.112Z] Command:       C:\Program Files\nodejs\node.exe C:\Users\Trent\AppData\Roaming\npm\node_modules\firebase-tools\lib\bin\firebase.js deploy
[debug] [2020-12-15T16:57:43.112Z] CLI Version:   8.12.1
[debug] [2020-12-15T16:57:43.113Z] Platform:      win32
[debug] [2020-12-15T16:57:43.113Z] Node Version:  v12.19.0
[debug] [2020-12-15T16:57:43.114Z] Time:          Tue Dec 15 2020 10:57:43 GMT-0600 (Central Standard Time)
[debug] [2020-12-15T16:57:43.114Z] ----------------------------------------------------------------------
[debug] [2020-12-15T16:57:43.114Z] 
[debug] [2020-12-15T16:57:43.122Z] > command requires scopes: ["email","openid","https://www.googleapis.com/auth/cloudplatformprojects.readonly","https://www.googleapis.com/auth/firebase","https://www.googleapis.com/auth/cloud-platform"]
[debug] [2020-12-15T16:57:43.123Z] > authorizing via signed-in user
[debug] [2020-12-15T16:57:43.123Z] [iam] checking project uprise-1b25c for permissions ["firebase.projects.get","firebasehosting.sites.update"]
[debug] [2020-12-15T16:57:43.126Z] > refreshing access token with scopes: ["email","https://www.googleapis.com/auth/cloud-platform","https://www.googleapis.com/auth/cloudplatformprojects.readonly","https://www.googleapis.com/auth/firebase","openid"]
[debug] [2020-12-15T16:57:43.126Z] >>> HTTP REQUEST POST https://www.googleapis.com/oauth2/v3/token  
 <request body omitted>
[debug] [2020-12-15T16:57:43.377Z] <<< HTTP RESPONSE 200 {"date":"Tue, 15 Dec 2020 16:57:45 GMT","expires":"Mon, 01 Jan 1990 00:00:00 GMT","pragma":"no-cache","cache-control":"no-cache, no-store, max-age=0, must-revalidate","content-type":"application/json; charset=utf-8","vary":"X-Origin, Referer, Origin,Accept-Encoding","server":"scaffolding on HTTPServer2","x-xss-protection":"0","x-frame-options":"SAMEORIGIN","x-content-type-options":"nosniff","alt-svc":"h3-29=\":443\"; ma=2592000,h3-T051=\":443\"; ma=2592000,h3-Q050=\":443\"; ma=2592000,h3-Q046=\":443\"; ma=2592000,h3-Q043=\":443\"; ma=2592000,quic=\":443\"; ma=2592000; v=\"46,43\"","accept-ranges":"none","transfer-encoding":"chunked"}
[debug] [2020-12-15T16:57:43.391Z] >>> HTTP REQUEST POST https://cloudresourcemanager.googleapis.com/v1/projects/uprise-1b25c:testIamPermissions  
 {"permissions":["firebase.projects.get","firebasehosting.sites.update"]}
[debug] [2020-12-15T16:57:43.587Z] <<< HTTP RESPONSE 200 {"content-type":"application/json; charset=UTF-8","vary":"X-Origin, Referer, Origin,Accept-Encoding","date":"Tue, 15 Dec 2020 16:57:45 GMT","server":"ESF","cache-control":"private","x-xss-protection":"0","x-frame-options":"SAMEORIGIN","x-content-type-options":"nosniff","server-timing":"gfet4t7; dur=56","alt-svc":"h3-29=\":443\"; ma=2592000,h3-T051=\":443\"; ma=2592000,h3-Q050=\":443\"; ma=2592000,h3-Q046=\":443\"; ma=2592000,h3-Q043=\":443\"; ma=2592000,quic=\":443\"; ma=2592000; v=\"46,43\"","accept-ranges":"none","transfer-encoding":"chunked"}
[debug] [2020-12-15T16:57:43.588Z] >>> HTTP REQUEST GET https://firebase.googleapis.com/v1beta1/projects/uprise-1b25c  
 
[debug] [2020-12-15T16:57:43.888Z] <<< HTTP RESPONSE 200 {"content-type":"application/json; charset=UTF-8","vary":"X-Origin, Referer, Origin,Accept-Encoding","date":"Tue, 15 Dec 2020 16:57:45 GMT","server":"ESF","cache-control":"private","x-xss-protection":"0","x-frame-options":"SAMEORIGIN","x-content-type-options":"nosniff","alt-svc":"h3-29=\":443\"; ma=2592000,h3-T051=\":443\"; ma=2592000,h3-Q050=\":443\"; ma=2592000,h3-Q046=\":443\"; ma=2592000,h3-Q043=\":443\"; ma=2592000,quic=\":443\"; ma=2592000; v=\"46,43\"","accept-ranges":"none","transfer-encoding":"chunked"}
[debug] [2020-12-15T16:57:43.888Z] [WARNING] Unable to fetch default resources. Falling back to project id (uprise-1b25c)
[info] 
[info] === Deploying to 'uprise-1b25c'...
[info] 
[info] i  deploying hosting 
[debug] [2020-12-15T16:57:43.900Z] >>> HTTP REQUEST POST https://firebasehosting.googleapis.com/v1beta1/sites/uprise-1b25c/versions  
 {"config":{"rewrites":[{"glob":"**","path":"/index.html"}]},"labels":{"deployment-tool":"cli-firebase"}}
[debug] [2020-12-15T16:57:45.616Z] <<< HTTP RESPONSE 200 {"content-type":"application/json; charset=UTF-8","vary":"X-Origin, Referer, Origin,Accept-Encoding","date":"Tue, 15 Dec 2020 16:57:47 GMT","server":"ESF","cache-control":"private","x-xss-protection":"0","x-frame-options":"SAMEORIGIN","x-content-type-options":"nosniff","alt-svc":"h3-29=\":443\"; ma=2592000,h3-T051=\":443\"; ma=2592000,h3-Q050=\":443\"; ma=2592000,h3-Q046=\":443\"; ma=2592000,h3-Q043=\":443\"; ma=2592000,quic=\":443\"; ma=2592000; v=\"46,43\"","accept-ranges":"none","transfer-encoding":"chunked"}
[info] i  hosting[uprise-1b25c]: beginning deploy... 
[info] i  hosting[uprise-1b25c]: found 55 files in dist 
[debug] [2020-12-15T16:57:49.088Z] [hosting] hash cache [ZGlzdA] stored for 55 files
[debug] [2020-12-15T16:57:49.088Z] [hosting][hash queue][FINAL] {"max":3409,"min":28,"avg":359.7090909090909,"active":0,"complete":55,"success":55,"errored":0,"retried":0,"total":55,"elapsed":3449}
[debug] [2020-12-15T16:57:49.088Z] >>> HTTP REQUEST POST https://firebasehosting.googleapis.com/v1beta1/sites/uprise-1b25c/versions/8da51e23724f4337:populateFiles  
 <request body omitted>
[debug] [2020-12-15T16:57:49.825Z] <<< HTTP RESPONSE 200 {"content-type":"application/json; charset=UTF-8","vary":"X-Origin, Referer, Origin,Accept-Encoding","date":"Tue, 15 Dec 2020 16:57:51 GMT","server":"ESF","cache-control":"private","x-xss-protection":"0","x-frame-options":"SAMEORIGIN","x-content-type-options":"nosniff","alt-svc":"h3-29=\":443\"; ma=2592000,h3-T051=\":443\"; ma=2592000,h3-Q050=\":443\"; ma=2592000,h3-Q046=\":443\"; ma=2592000,h3-Q043=\":443\"; ma=2592000,quic=\":443\"; ma=2592000; v=\"46,43\"","accept-ranges":"none","transfer-encoding":"chunked"}
[debug] [2020-12-15T16:57:49.861Z] [hosting][populate queue][FINAL] {"max":745,"min":745,"avg":745,"active":0,"complete":1,"success":1,"errored":0,"retried":0,"total":1,"elapsed":775}
[debug] [2020-12-15T16:57:49.861Z] [hosting] uploads queued: 54
[debug] [2020-12-15T16:58:59.040Z] [uploadQueue] Retrying task 682a7551cf3a80555369dcf264c54bc7972806428faae0a0244489da580dc327
[debug] [2020-12-15T17:00:23.737Z] [uploadQueue] Retrying task 40a3c60852d4c40291dc4bc9fa15d44d88da33c8bae2b48b0097290d755896e6
[debug] [2020-12-15T17:00:52.349Z] [uploadQueue] Retrying task 682a7551cf3a80555369dcf264c54bc7972806428faae0a0244489da580dc327
[debug] [2020-12-15T17:02:00.088Z] [uploadQueue] Retrying task c04aafbe82671f21e65a60899b4025fabad388cf8092bbcc89564c970b28d7fb
[debug] [2020-12-15T17:02:58.297Z] [uploadQueue] Retrying task 682a7551cf3a80555369dcf264c54bc7972806428faae0a0244489da580dc327
